<?xml version="1.0" encoding="UTF-8"?>
<!-- Generated by org.testng.reporters.JUnitReportReporter -->
<testsuite hostname="DESKTOP-PS5UK1D" failures="0" tests="3" name="Booking_in_the_Katalon_CuraApp.CURA_Healthcare_Service" time="3.633" errors="0" timestamp="2023-05-20T18:11:07 IST" skipped="0">
  <testcase classname="Booking_in_the_Katalon_CuraApp.CURA_Healthcare_Service" name="verifyAppointmentConfirmation" time="0.195"/>
  <system-out/>
  <testcase classname="Booking_in_the_Katalon_CuraApp.CURA_Healthcare_Service" name="makeAppointment" time="1.422"/>
  <system-out/>
  <testcase classname="Booking_in_the_Katalon_CuraApp.CURA_Healthcare_Service" name="login" time="2.016"/>
  <system-out/>
</testsuite> <!-- Booking_in_the_Katalon_CuraApp.CURA_Healthcare_Service -->
